<?xml version="1.0" encoding="UTF-8"?>
<testsuite name="SerializeClassKtTest" tests="1" skipped="0" failures="1" errors="0" timestamp="2022-06-02T16:08:00" hostname="KOMPUTER" time="0.019">
  <properties/>
  <testcase name="parse()" classname="SerializeClassKtTest" time="0.019">
    <failure message="java.lang.StackOverflowError" type="java.lang.StackOverflowError">java.lang.StackOverflowError
	at SerializeClassKtTest.parse(SerializeClassKtTest.kt:9)
	at SerializeClassKtTest.parse(SerializeClassKtTest.kt:9)
	at SerializeClassKtTest.parse(SerializeClassKtTest.kt:9)
	at SerializeClassKtTest.parse(SerializeClassKtTest.kt:9)
	at SerializeClassKtTest.parse(SerializeClassKtTest.kt:9)
	at SerializeClassKtTest.parse(SerializeClassKtTest.kt:9)
	at SerializeClassKtTest.parse(SerializeClassKtTest.kt:9)
	at SerializeClassKtTest.parse(SerializeClassKtTest.kt:9)
	at SerializeClassKtTest.parse(SerializeClassKtTest.kt:9)
	at SerializeClassKtTest.parse(SerializeClassKtTest.kt:9)
	at SerializeClassKtTest.parse(SerializeClassKtTest.kt:9)
	at SerializeClassKtTest.parse(SerializeClassKtTest.kt:9)
	at SerializeClassKtTest.parse(SerializeClassKtTest.kt:9)
	at SerializeClassKtTest.parse(SerializeClassKtTest.kt:9)
	at SerializeClassKtTest.parse(SerializeClassKtTest.kt:9)
	at SerializeClassKtTest.parse(SerializeClassKtTest.kt:9)
	at SerializeClassKtTest.parse(SerializeClassKtTest.kt:9)
	at SerializeClassKtTest.parse(SerializeClassKtTest.kt:9)
	at SerializeClassKtTest.parse(SerializeClassKtTest.kt:9)
	at SerializeClassKtTest.parse(SerializeClassKtTest.kt:9)
	at SerializeClassKtTest.parse(SerializeClassKtTest.kt:9)
	at SerializeClassKtTest.parse(SerializeClassKtTest.kt:9)
	at SerializeClassKtTest.parse(SerializeClassKtTest.kt:9)
	at SerializeClassKtTest.parse(SerializeClassKtTest.kt:9)
	at SerializeClassKtTest.parse(SerializeClassKtTest.kt:9)
	at SerializeClassKtTest.parse(SerializeClassKtTest.kt:9)
	at SerializeClassKtTest.parse(SerializeClassKtTest.kt:9)
	at SerializeClassKtTest.parse(SerializeClassKtTest.kt:9)
	at SerializeClassKtTest.parse(SerializeClassKtTest.kt:9)
	at SerializeClassKtTest.parse(SerializeClassKtTest.kt:9)
	at SerializeClassKtTest.parse(SerializeClassKtTest.kt:9)
	at SerializeClassKtTest.parse(SerializeClassKtTest.kt:9)
	at SerializeClassKtTest.parse(SerializeClassKtTest.kt:9)
	at SerializeClassKtTest.parse(SerializeClassKtTest.kt:9)
	at SerializeClassKtTest.parse(SerializeClassKtTest.kt:9)
	at SerializeClassKtTest.parse(SerializeClassKtTest.kt:9)
	at SerializeClassKtTest.parse(SerializeClassKtTest.kt:9)
	at SerializeClassKtTest.parse(SerializeClassKtTest.kt:9)
	at SerializeClassKtTest.parse(SerializeClassKtTest.kt:9)
	at SerializeClassKtTest.parse(SerializeClassKtTest.kt:9)
	at SerializeClassKtTest.parse(SerializeClassKtTest.kt:9)
	at SerializeClassKtTest.parse(SerializeClassKtTest.kt:9)
	at SerializeClassKtTest.parse(SerializeClassKtTest.kt:9)
	at SerializeClassKtTest.parse(SerializeClassKtTest.kt:9)
	at SerializeClassKtTest.parse(SerializeClassKtTest.kt:9)
	at SerializeClassKtTest.parse(SerializeClassKtTest.kt:9)
	at SerializeClassKtTest.parse(SerializeClassKtTest.kt:9)
	at SerializeClassKtTest.parse(SerializeClassKtTest.kt:9)
	at SerializeClassKtTest.parse(SerializeClassKtTest.kt:9)
	at SerializeClassKtTest.parse(SerializeClassKtTest.kt:9)
	at SerializeClassKtTest.parse(SerializeClassKtTest.kt:9)
	at SerializeClassKtTest.parse(SerializeClassKtTest.kt:9)
	at SerializeClassKtTest.parse(SerializeClassKtTest.kt:9)
	at SerializeClassKtTest.parse(SerializeClassKtTest.kt:9)
	at SerializeClassKtTest.parse(SerializeClassKtTest.kt:9)
	at SerializeClassKtTest.parse(SerializeClassKtTest.kt:9)
	at SerializeClassKtTest.parse(SerializeClassKtTest.kt:9)
	at SerializeClassKtTest.parse(SerializeClassKtTest.kt:9)
	at SerializeClassKtTest.parse(SerializeClassKtTest.kt:9)
	at SerializeClassKtTest.parse(SerializeClassKtTest.kt:9)
	at SerializeClassKtTest.parse(SerializeClassKtTest.kt:9)
	at SerializeClassKtTest.parse(SerializeClassKtTest.kt:9)
	at SerializeClassKtTest.parse(SerializeClassKtTest.kt:9)
	at SerializeClassKtTest.parse(SerializeClassKtTest.kt:9)
	at SerializeClassKtTest.parse(SerializeClassKtTest.kt:9)
	at SerializeClassKtTest.parse(SerializeClassKtTest.kt:9)
	at SerializeClassKtTest.parse(SerializeClassKtTest.kt:9)
	at SerializeClassKtTest.parse(SerializeClassKtTest.kt:9)
	at SerializeClassKtTest.parse(SerializeClassKtTest.kt:9)
	at SerializeClassKtTest.parse(SerializeClassKtTest.kt:9)
	at SerializeClassKtTest.parse(SerializeClassKtTest.kt:9)
	at SerializeClassKtTest.parse(SerializeClassKtTest.kt:9)
	at SerializeClassKtTest.parse(SerializeClassKtTest.kt:9)
	at SerializeClassKtTest.parse(SerializeClassKtTest.kt:9)
	at SerializeClassKtTest.parse(SerializeClassKtTest.kt:9)
	at SerializeClassKtTest.parse(SerializeClassKtTest.kt:9)
	at SerializeClassKtTest.parse(SerializeClassKtTest.kt:9)
	at SerializeClassKtTest.parse(SerializeClassKtTest.kt:9)
	at SerializeClassKtTest.parse(SerializeClassKtTest.kt:9)
	at SerializeClassKtTest.parse(SerializeClassKtTest.kt:9)
	at SerializeClassKtTest.parse(SerializeClassKtTest.kt:9)
	at SerializeClassKtTest.parse(SerializeClassKtTest.kt:9)
	at SerializeClassKtTest.parse(SerializeClassKtTest.kt:9)
	at SerializeClassKtTest.parse(SerializeClassKtTest.kt:9)
	at SerializeClassKtTest.parse(SerializeClassKtTest.kt:9)
	at SerializeClassKtTest.parse(SerializeClassKtTest.kt:9)
	at SerializeClassKtTest.parse(SerializeClassKtTest.kt:9)
	at SerializeClassKtTest.parse(SerializeClassKtTest.kt:9)
	at SerializeClassKtTest.parse(SerializeClassKtTest.kt:9)
	at SerializeClassKtTest.parse(SerializeClassKtTest.kt:9)
	at SerializeClassKtTest.parse(SerializeClassKtTest.kt:9)
	at SerializeClassKtTest.parse(SerializeClassKtTest.kt:9)
	at SerializeClassKtTest.parse(SerializeClassKtTest.kt:9)
	at SerializeClassKtTest.parse(SerializeClassKtTest.kt:9)
	at SerializeClassKtTest.parse(SerializeClassKtTest.kt:9)
	at SerializeClassKtTest.parse(SerializeClassKtTest.kt:9)
	at SerializeClassKtTest.parse(SerializeClassKtTest.kt:9)
	at SerializeClassKtTest.parse(SerializeClassKtTest.kt:9)
	at SerializeClassKtTest.parse(SerializeClassKtTest.kt:9)
	at SerializeClassKtTest.parse(SerializeClassKtTest.kt:9)
	at SerializeClassKtTest.parse(SerializeClassKtTest.kt:9)
	at SerializeClassKtTest.parse(SerializeClassKtTest.kt:9)
	at SerializeClassKtTest.parse(SerializeClassKtTest.kt:9)
	at SerializeClassKtTest.parse(SerializeClassKtTest.kt:9)
	at SerializeClassKtTest.parse(SerializeClassKtTest.kt:9)
	at SerializeClassKtTest.parse(SerializeClassKtTest.kt:9)
	at SerializeClassKtTest.parse(SerializeClassKtTest.kt:9)
	at SerializeClassKtTest.parse(SerializeClassKtTest.kt:9)
	at SerializeClassKtTest.parse(SerializeClassKtTest.kt:9)
	at SerializeClassKtTest.parse(SerializeClassKtTest.kt:9)
	at SerializeClassKtTest.parse(SerializeClassKtTest.kt:9)
	at SerializeClassKtTest.parse(SerializeClassKtTest.kt:9)
	at SerializeClassKtTest.parse(SerializeClassKtTest.kt:9)
	at SerializeClassKtTest.parse(SerializeClassKtTest.kt:9)
	at SerializeClassKtTest.parse(SerializeClassKtTest.kt:9)
	at SerializeClassKtTest.parse(SerializeClassKtTest.kt:9)
	at SerializeClassKtTest.parse(SerializeClassKtTest.kt:9)
	at SerializeClassKtTest.parse(SerializeClassKtTest.kt:9)
	at SerializeClassKtTest.parse(SerializeClassKtTest.kt:9)
	at SerializeClassKtTest.parse(SerializeClassKtTest.kt:9)
	at SerializeClassKtTest.parse(SerializeClassKtTest.kt:9)
	at SerializeClassKtTest.parse(SerializeClassKtTest.kt:9)
	at SerializeClassKtTest.parse(SerializeClassKtTest.kt:9)
	at SerializeClassKtTest.parse(SerializeClassKtTest.kt:9)
	at SerializeClassKtTest.parse(SerializeClassKtTest.kt:9)
	at SerializeClassKtTest.parse(SerializeClassKtTest.kt:9)
	at SerializeClassKtTest.parse(SerializeClassKtTest.kt:9)
	at SerializeClassKtTest.parse(SerializeClassKtTest.kt:9)
	at SerializeClassKtTest.parse(SerializeClassKtTest.kt:9)
	at SerializeClassKtTest.parse(SerializeClassKtTest.kt:9)
	at SerializeClassKtTest.parse(SerializeClassKtTest.kt:9)
	at SerializeClassKtTest.parse(SerializeClassKtTest.kt:9)
	at SerializeClassKtTest.parse(SerializeClassKtTest.kt:9)
	at SerializeClassKtTest.parse(SerializeClassKtTest.kt:9)
	at SerializeClassKtTest.parse(SerializeClassKtTest.kt:9)
	at SerializeClassKtTest.parse(SerializeClassKtTest.kt:9)
	at SerializeClassKtTest.parse(SerializeClassKtTest.kt:9)
	at SerializeClassKtTest.parse(SerializeClassKtTest.kt:9)
	at SerializeClassKtTest.parse(SerializeClassKtTest.kt:9)
	at SerializeClassKtTest.parse(SerializeClassKtTest.kt:9)
	at SerializeClassKtTest.parse(SerializeClassKtTest.kt:9)
	at SerializeClassKtTest.parse(SerializeClassKtTest.kt:9)
	at SerializeClassKtTest.parse(SerializeClassKtTest.kt:9)
	at SerializeClassKtTest.parse(SerializeClassKtTest.kt:9)
	at SerializeClassKtTest.parse(SerializeClassKtTest.kt:9)
	at SerializeClassKtTest.parse(SerializeClassKtTest.kt:9)
	at SerializeClassKtTest.parse(SerializeClassKtTest.kt:9)
	at SerializeClassKtTest.parse(SerializeClassKtTest.kt:9)
	at SerializeClassKtTest.parse(SerializeClassKtTest.kt:9)
	at SerializeClassKtTest.parse(SerializeClassKtTest.kt:9)
	at SerializeClassKtTest.parse(SerializeClassKtTest.kt:9)
	at SerializeClassKtTest.parse(SerializeClassKtTest.kt:9)
	at SerializeClassKtTest.parse(SerializeClassKtTest.kt:9)
	at SerializeClassKtTest.parse(SerializeClassKtTest.kt:9)
	at SerializeClassKtTest.parse(SerializeClassKtTest.kt:9)
	at SerializeClassKtTest.parse(SerializeClassKtTest.kt:9)
	at SerializeClassKtTest.parse(SerializeClassKtTest.kt:9)
	at SerializeClassKtTest.parse(SerializeClassKtTest.kt:9)
	at SerializeClassKtTest.parse(SerializeClassKtTest.kt:9)
	at SerializeClassKtTest.parse(SerializeClassKtTest.kt:9)
	at SerializeClassKtTest.parse(SerializeClassKtTest.kt:9)
	at SerializeClassKtTest.parse(SerializeClassKtTest.kt:9)
	at SerializeClassKtTest.parse(SerializeClassKtTest.kt:9)
	at SerializeClassKtTest.parse(SerializeClassKtTest.kt:9)
	at SerializeClassKtTest.parse(SerializeClassKtTest.kt:9)
	at SerializeClassKtTest.parse(SerializeClassKtTest.kt:9)
	at SerializeClassKtTest.parse(SerializeClassKtTest.kt:9)
	at SerializeClassKtTest.parse(SerializeClassKtTest.kt:9)
	at SerializeClassKtTest.parse(SerializeClassKtTest.kt:9)
	at SerializeClassKtTest.parse(SerializeClassKtTest.kt:9)
	at SerializeClassKtTest.parse(SerializeClassKtTest.kt:9)
	at SerializeClassKtTest.parse(SerializeClassKtTest.kt:9)
	at SerializeClassKtTest.parse(SerializeClassKtTest.kt:9)
	at SerializeClassKtTest.parse(SerializeClassKtTest.kt:9)
	at SerializeClassKtTest.parse(SerializeClassKtTest.kt:9)
	at SerializeClassKtTest.parse(SerializeClassKtTest.kt:9)
	at SerializeClassKtTest.parse(SerializeClassKtTest.kt:9)
	at SerializeClassKtTest.parse(SerializeClassKtTest.kt:9)
	at SerializeClassKtTest.parse(SerializeClassKtTest.kt:9)
	at SerializeClassKtTest.parse(SerializeClassKtTest.kt:9)
	at SerializeClassKtTest.parse(SerializeClassKtTest.kt:9)
	at SerializeClassKtTest.parse(SerializeClassKtTest.kt:9)
	at SerializeClassKtTest.parse(SerializeClassKtTest.kt:9)
	at SerializeClassKtTest.parse(SerializeClassKtTest.kt:9)
	at SerializeClassKtTest.parse(SerializeClassKtTest.kt:9)
	at SerializeClassKtTest.parse(SerializeClassKtTest.kt:9)
	at SerializeClassKtTest.parse(SerializeClassKtTest.kt:9)
	at SerializeClassKtTest.parse(SerializeClassKtTest.kt:9)
	at SerializeClassKtTest.parse(SerializeClassKtTest.kt:9)
	at SerializeClassKtTest.parse(SerializeClassKtTest.kt:9)
	at SerializeClassKtTest.parse(SerializeClassKtTest.kt:9)
	at SerializeClassKtTest.parse(SerializeClassKtTest.kt:9)
	at SerializeClassKtTest.parse(SerializeClassKtTest.kt:9)
	at SerializeClassKtTest.parse(SerializeClassKtTest.kt:9)
	at SerializeClassKtTest.parse(SerializeClassKtTest.kt:9)
	at SerializeClassKtTest.parse(SerializeClassKtTest.kt:9)
	at SerializeClassKtTest.parse(SerializeClassKtTest.kt:9)
	at SerializeClassKtTest.parse(SerializeClassKtTest.kt:9)
	at SerializeClassKtTest.parse(SerializeClassKtTest.kt:9)
	at SerializeClassKtTest.parse(SerializeClassKtTest.kt:9)
	at SerializeClassKtTest.parse(SerializeClassKtTest.kt:9)
	at SerializeClassKtTest.parse(SerializeClassKtTest.kt:9)
	at SerializeClassKtTest.parse(SerializeClassKtTest.kt:9)
	at SerializeClassKtTest.parse(SerializeClassKtTest.kt:9)
	at SerializeClassKtTest.parse(SerializeClassKtTest.kt:9)
	at SerializeClassKtTest.parse(SerializeClassKtTest.kt:9)
	at SerializeClassKtTest.parse(SerializeClassKtTest.kt:9)
	at SerializeClassKtTest.parse(SerializeClassKtTest.kt:9)
	at SerializeClassKtTest.parse(SerializeClassKtTest.kt:9)
	at SerializeClassKtTest.parse(SerializeClassKtTest.kt:9)
	at SerializeClassKtTest.parse(SerializeClassKtTest.kt:9)
	at SerializeClassKtTest.parse(SerializeClassKtTest.kt:9)
	at SerializeClassKtTest.parse(SerializeClassKtTest.kt:9)
	at SerializeClassKtTest.parse(SerializeClassKtTest.kt:9)
	at SerializeClassKtTest.parse(SerializeClassKtTest.kt:9)
	at SerializeClassKtTest.parse(SerializeClassKtTest.kt:9)
	at SerializeClassKtTest.parse(SerializeClassKtTest.kt:9)
	at SerializeClassKtTest.parse(SerializeClassKtTest.kt:9)
	at SerializeClassKtTest.parse(SerializeClassKtTest.kt:9)
	at SerializeClassKtTest.parse(SerializeClassKtTest.kt:9)
	at SerializeClassKtTest.parse(SerializeClassKtTest.kt:9)
	at SerializeClassKtTest.parse(SerializeClassKtTest.kt:9)
	at SerializeClassKtTest.parse(SerializeClassKtTest.kt:9)
	at SerializeClassKtTest.parse(SerializeClassKtTest.kt:9)
	at SerializeClassKtTest.parse(SerializeClassKtTest.kt:9)
	at SerializeClassKtTest.parse(SerializeClassKtTest.kt:9)
	at SerializeClassKtTest.parse(SerializeClassKtTest.kt:9)
	at SerializeClassKtTest.parse(SerializeClassKtTest.kt:9)
	at SerializeClassKtTest.parse(SerializeClassKtTest.kt:9)
	at SerializeClassKtTest.parse(SerializeClassKtTest.kt:9)
	at SerializeClassKtTest.parse(SerializeClassKtTest.kt:9)
	at SerializeClassKtTest.parse(SerializeClassKtTest.kt:9)
	at SerializeClassKtTest.parse(SerializeClassKtTest.kt:9)
	at SerializeClassKtTest.parse(SerializeClassKtTest.kt:9)
	at SerializeClassKtTest.parse(SerializeClassKtTest.kt:9)
	at SerializeClassKtTest.parse(SerializeClassKtTest.kt:9)
	at SerializeClassKtTest.parse(SerializeClassKtTest.kt:9)
	at SerializeClassKtTest.parse(SerializeClassKtTest.kt:9)
	at SerializeClassKtTest.parse(SerializeClassKtTest.kt:9)
	at SerializeClassKtTest.parse(SerializeClassKtTest.kt:9)
	at SerializeClassKtTest.parse(SerializeClassKtTest.kt:9)
	at SerializeClassKtTest.parse(SerializeClassKtTest.kt:9)
	at SerializeClassKtTest.parse(SerializeClassKtTest.kt:9)
	at SerializeClassKtTest.parse(SerializeClassKtTest.kt:9)
	at SerializeClassKtTest.parse(SerializeClassKtTest.kt:9)
	at SerializeClassKtTest.parse(SerializeClassKtTest.kt:9)
	at SerializeClassKtTest.parse(SerializeClassKtTest.kt:9)
	at SerializeClassKtTest.parse(SerializeClassKtTest.kt:9)
	at SerializeClassKtTest.parse(SerializeClassKtTest.kt:9)
	at SerializeClassKtTest.parse(SerializeClassKtTest.kt:9)
	at SerializeClassKtTest.parse(SerializeClassKtTest.kt:9)
	at SerializeClassKtTest.parse(SerializeClassKtTest.kt:9)
	at SerializeClassKtTest.parse(SerializeClassKtTest.kt:9)
	at SerializeClassKtTest.parse(SerializeClassKtTest.kt:9)
	at SerializeClassKtTest.parse(SerializeClassKtTest.kt:9)
	at SerializeClassKtTest.parse(SerializeClassKtTest.kt:9)
	at SerializeClassKtTest.parse(SerializeClassKtTest.kt:9)
	at SerializeClassKtTest.parse(SerializeClassKtTest.kt:9)
	at SerializeClassKtTest.parse(SerializeClassKtTest.kt:9)
	at SerializeClassKtTest.parse(SerializeClassKtTest.kt:9)
	at SerializeClassKtTest.parse(SerializeClassKtTest.kt:9)
	at SerializeClassKtTest.parse(SerializeClassKtTest.kt:9)
	at SerializeClassKtTest.parse(SerializeClassKtTest.kt:9)
	at SerializeClassKtTest.parse(SerializeClassKtTest.kt:9)
	at SerializeClassKtTest.parse(SerializeClassKtTest.kt:9)
	at SerializeClassKtTest.parse(SerializeClassKtTest.kt:9)
	at SerializeClassKtTest.parse(SerializeClassKtTest.kt:9)
	at SerializeClassKtTest.parse(SerializeClassKtTest.kt:9)
	at SerializeClassKtTest.parse(SerializeClassKtTest.kt:9)
	at SerializeClassKtTest.parse(SerializeClassKtTest.kt:9)
	at SerializeClassKtTest.parse(SerializeClassKtTest.kt:9)
	at SerializeClassKtTest.parse(SerializeClassKtTest.kt:9)
	at SerializeClassKtTest.parse(SerializeClassKtTest.kt:9)
	at SerializeClassKtTest.parse(SerializeClassKtTest.kt:9)
	at SerializeClassKtTest.parse(SerializeClassKtTest.kt:9)
	at SerializeClassKtTest.parse(SerializeClassKtTest.kt:9)
	at SerializeClassKtTest.parse(SerializeClassKtTest.kt:9)
	at SerializeClassKtTest.parse(SerializeClassKtTest.kt:9)
	at SerializeClassKtTest.parse(SerializeClassKtTest.kt:9)
	at SerializeClassKtTest.parse(SerializeClassKtTest.kt:9)
	at SerializeClassKtTest.parse(SerializeClassKtTest.kt:9)
	at SerializeClassKtTest.parse(SerializeClassKtTest.kt:9)
	at SerializeClassKtTest.parse(SerializeClassKtTest.kt:9)
	at SerializeClassKtTest.parse(SerializeClassKtTest.kt:9)
	at SerializeClassKtTest.parse(SerializeClassKtTest.kt:9)
	at SerializeClassKtTest.parse(SerializeClassKtTest.kt:9)
	at SerializeClassKtTest.parse(SerializeClassKtTest.kt:9)
	at SerializeClassKtTest.parse(SerializeClassKtTest.kt:9)
	at SerializeClassKtTest.parse(SerializeClassKtTest.kt:9)
	at SerializeClassKtTest.parse(SerializeClassKtTest.kt:9)
	at SerializeClassKtTest.parse(SerializeClassKtTest.kt:9)
	at SerializeClassKtTest.parse(SerializeClassKtTest.kt:9)
	at SerializeClassKtTest.parse(SerializeClassKtTest.kt:9)
	at SerializeClassKtTest.parse(SerializeClassKtTest.kt:9)
	at SerializeClassKtTest.parse(SerializeClassKtTest.kt:9)
	at SerializeClassKtTest.parse(SerializeClassKtTest.kt:9)
	at SerializeClassKtTest.parse(SerializeClassKtTest.kt:9)
	at SerializeClassKtTest.parse(SerializeClassKtTest.kt:9)
	at SerializeClassKtTest.parse(SerializeClassKtTest.kt:9)
	at SerializeClassKtTest.parse(SerializeClassKtTest.kt:9)
	at SerializeClassKtTest.parse(SerializeClassKtTest.kt:9)
	at SerializeClassKtTest.parse(SerializeClassKtTest.kt:9)
	at SerializeClassKtTest.parse(SerializeClassKtTest.kt:9)
	at SerializeClassKtTest.parse(SerializeClassKtTest.kt:9)
	at SerializeClassKtTest.parse(SerializeClassKtTest.kt:9)
	at SerializeClassKtTest.parse(SerializeClassKtTest.kt:9)
	at SerializeClassKtTest.parse(SerializeClassKtTest.kt:9)
	at SerializeClassKtTest.parse(SerializeClassKtTest.kt:9)
	at SerializeClassKtTest.parse(SerializeClassKtTest.kt:9)
	at SerializeClassKtTest.parse(SerializeClassKtTest.kt:9)
	at SerializeClassKtTest.parse(SerializeClassKtTest.kt:9)
	at SerializeClassKtTest.parse(SerializeClassKtTest.kt:9)
	at SerializeClassKtTest.parse(SerializeClassKtTest.kt:9)
	at SerializeClassKtTest.parse(SerializeClassKtTest.kt:9)
	at SerializeClassKtTest.parse(SerializeClassKtTest.kt:9)
	at SerializeClassKtTest.parse(SerializeClassKtTest.kt:9)
	at SerializeClassKtTest.parse(SerializeClassKtTest.kt:9)
	at SerializeClassKtTest.parse(SerializeClassKtTest.kt:9)
	at SerializeClassKtTest.parse(SerializeClassKtTest.kt:9)
	at SerializeClassKtTest.parse(SerializeClassKtTest.kt:9)
	at SerializeClassKtTest.parse(SerializeClassKtTest.kt:9)
	at SerializeClassKtTest.parse(SerializeClassKtTest.kt:9)
	at SerializeClassKtTest.parse(SerializeClassKtTest.kt:9)
	at SerializeClassKtTest.parse(SerializeClassKtTest.kt:9)
	at SerializeClassKtTest.parse(SerializeClassKtTest.kt:9)
	at SerializeClassKtTest.parse(SerializeClassKtTest.kt:9)
	at SerializeClassKtTest.parse(SerializeClassKtTest.kt:9)
	at SerializeClassKtTest.parse(SerializeClassKtTest.kt:9)
	at SerializeClassKtTest.parse(SerializeClassKtTest.kt:9)
	at SerializeClassKtTest.parse(SerializeClassKtTest.kt:9)
	at SerializeClassKtTest.parse(SerializeClassKtTest.kt:9)
	at SerializeClassKtTest.parse(SerializeClassKtTest.kt:9)
	at SerializeClassKtTest.parse(SerializeClassKtTest.kt:9)
	at SerializeClassKtTest.parse(SerializeClassKtTest.kt:9)
	at SerializeClassKtTest.parse(SerializeClassKtTest.kt:9)
	at SerializeClassKtTest.parse(SerializeClassKtTest.kt:9)
	at SerializeClassKtTest.parse(SerializeClassKtTest.kt:9)
	at SerializeClassKtTest.parse(SerializeClassKtTest.kt:9)
	at SerializeClassKtTest.parse(SerializeClassKtTest.kt:9)
	at SerializeClassKtTest.parse(SerializeClassKtTest.kt:9)
	at SerializeClassKtTest.parse(SerializeClassKtTest.kt:9)
	at SerializeClassKtTest.parse(SerializeClassKtTest.kt:9)
	at SerializeClassKtTest.parse(SerializeClassKtTest.kt:9)
	at SerializeClassKtTest.parse(SerializeClassKtTest.kt:9)
	at SerializeClassKtTest.parse(SerializeClassKtTest.kt:9)
	at SerializeClassKtTest.parse(SerializeClassKtTest.kt:9)
	at SerializeClassKtTest.parse(SerializeClassKtTest.kt:9)
	at SerializeClassKtTest.parse(SerializeClassKtTest.kt:9)
	at SerializeClassKtTest.parse(SerializeClassKtTest.kt:9)
	at SerializeClassKtTest.parse(SerializeClassKtTest.kt:9)
	at SerializeClassKtTest.parse(SerializeClassKtTest.kt:9)
	at SerializeClassKtTest.parse(SerializeClassKtTest.kt:9)
	at SerializeClassKtTest.parse(SerializeClassKtTest.kt:9)
	at SerializeClassKtTest.parse(SerializeClassKtTest.kt:9)
	at SerializeClassKtTest.parse(SerializeClassKtTest.kt:9)
	at SerializeClassKtTest.parse(SerializeClassKtTest.kt:9)
	at SerializeClassKtTest.parse(SerializeClassKtTest.kt:9)
	at SerializeClassKtTest.parse(SerializeClassKtTest.kt:9)
	at SerializeClassKtTest.parse(SerializeClassKtTest.kt:9)
	at SerializeClassKtTest.parse(SerializeClassKtTest.kt:9)
	at SerializeClassKtTest.parse(SerializeClassKtTest.kt:9)
	at SerializeClassKtTest.parse(SerializeClassKtTest.kt:9)
	at SerializeClassKtTest.parse(SerializeClassKtTest.kt:9)
	at SerializeClassKtTest.parse(SerializeClassKtTest.kt:9)
	at SerializeClassKtTest.parse(SerializeClassKtTest.kt:9)
	at SerializeClassKtTest.parse(SerializeClassKtTest.kt:9)
	at SerializeClassKtTest.parse(SerializeClassKtTest.kt:9)
	at SerializeClassKtTest.parse(SerializeClassKtTest.kt:9)
	at SerializeClassKtTest.parse(SerializeClassKtTest.kt:9)
	at SerializeClassKtTest.parse(SerializeClassKtTest.kt:9)
	at SerializeClassKtTest.parse(SerializeClassKtTest.kt:9)
	at SerializeClassKtTest.parse(SerializeClassKtTest.kt:9)
	at SerializeClassKtTest.parse(SerializeClassKtTest.kt:9)
	at SerializeClassKtTest.parse(SerializeClassKtTest.kt:9)
	at SerializeClassKtTest.parse(SerializeClassKtTest.kt:9)
	at SerializeClassKtTest.parse(SerializeClassKtTest.kt:9)
	at SerializeClassKtTest.parse(SerializeClassKtTest.kt:9)
	at SerializeClassKtTest.parse(SerializeClassKtTest.kt:9)
	at SerializeClassKtTest.parse(SerializeClassKtTest.kt:9)
	at SerializeClassKtTest.parse(SerializeClassKtTest.kt:9)
	at SerializeClassKtTest.parse(SerializeClassKtTest.kt:9)
	at SerializeClassKtTest.parse(SerializeClassKtTest.kt:9)
	at SerializeClassKtTest.parse(SerializeClassKtTest.kt:9)
	at SerializeClassKtTest.parse(SerializeClassKtTest.kt:9)
	at SerializeClassKtTest.parse(SerializeClassKtTest.kt:9)
	at SerializeClassKtTest.parse(SerializeClassKtTest.kt:9)
	at SerializeClassKtTest.parse(SerializeClassKtTest.kt:9)
	at SerializeClassKtTest.parse(SerializeClassKtTest.kt:9)
	at SerializeClassKtTest.parse(SerializeClassKtTest.kt:9)
	at SerializeClassKtTest.parse(SerializeClassKtTest.kt:9)
	at SerializeClassKtTest.parse(SerializeClassKtTest.kt:9)
	at SerializeClassKtTest.parse(SerializeClassKtTest.kt:9)
	at SerializeClassKtTest.parse(SerializeClassKtTest.kt:9)
	at SerializeClassKtTest.parse(SerializeClassKtTest.kt:9)
	at SerializeClassKtTest.parse(SerializeClassKtTest.kt:9)
	at SerializeClassKtTest.parse(SerializeClassKtTest.kt:9)
	at SerializeClassKtTest.parse(SerializeClassKtTest.kt:9)
	at SerializeClassKtTest.parse(SerializeClassKtTest.kt:9)
	at SerializeClassKtTest.parse(SerializeClassKtTest.kt:9)
	at SerializeClassKtTest.parse(SerializeClassKtTest.kt:9)
	at SerializeClassKtTest.parse(SerializeClassKtTest.kt:9)
	at SerializeClassKtTest.parse(SerializeClassKtTest.kt:9)
	at SerializeClassKtTest.parse(SerializeClassKtTest.kt:9)
	at SerializeClassKtTest.parse(SerializeClassKtTest.kt:9)
	at SerializeClassKtTest.parse(SerializeClassKtTest.kt:9)
	at SerializeClassKtTest.parse(SerializeClassKtTest.kt:9)
	at SerializeClassKtTest.parse(SerializeClassKtTest.kt:9)
	at SerializeClassKtTest.parse(SerializeClassKtTest.kt:9)
	at SerializeClassKtTest.parse(SerializeClassKtTest.kt:9)
	at SerializeClassKtTest.parse(SerializeClassKtTest.kt:9)
	at SerializeClassKtTest.parse(SerializeClassKtTest.kt:9)
	at SerializeClassKtTest.parse(SerializeClassKtTest.kt:9)
	at SerializeClassKtTest.parse(SerializeClassKtTest.kt:9)
	at SerializeClassKtTest.parse(SerializeClassKtTest.kt:9)
	at SerializeClassKtTest.parse(SerializeClassKtTest.kt:9)
	at SerializeClassKtTest.parse(SerializeClassKtTest.kt:9)
	at SerializeClassKtTest.parse(SerializeClassKtTest.kt:9)
	at SerializeClassKtTest.parse(SerializeClassKtTest.kt:9)
	at SerializeClassKtTest.parse(SerializeClassKtTest.kt:9)
	at SerializeClassKtTest.parse(SerializeClassKtTest.kt:9)
	at SerializeClassKtTest.parse(SerializeClassKtTest.kt:9)
	at SerializeClassKtTest.parse(SerializeClassKtTest.kt:9)
	at SerializeClassKtTest.parse(SerializeClassKtTest.kt:9)
	at SerializeClassKtTest.parse(SerializeClassKtTest.kt:9)
	at SerializeClassKtTest.parse(SerializeClassKtTest.kt:9)
	at SerializeClassKtTest.parse(SerializeClassKtTest.kt:9)
	at SerializeClassKtTest.parse(SerializeClassKtTest.kt:9)
	at SerializeClassKtTest.parse(SerializeClassKtTest.kt:9)
	at SerializeClassKtTest.parse(SerializeClassKtTest.kt:9)
	at SerializeClassKtTest.parse(SerializeClassKtTest.kt:9)
	at SerializeClassKtTest.parse(SerializeClassKtTest.kt:9)
	at SerializeClassKtTest.parse(SerializeClassKtTest.kt:9)
	at SerializeClassKtTest.parse(SerializeClassKtTest.kt:9)
	at SerializeClassKtTest.parse(SerializeClassKtTest.kt:9)
	at SerializeClassKtTest.parse(SerializeClassKtTest.kt:9)
	at SerializeClassKtTest.parse(SerializeClassKtTest.kt:9)
	at SerializeClassKtTest.parse(SerializeClassKtTest.kt:9)
	at SerializeClassKtTest.parse(SerializeClassKtTest.kt:9)
	at SerializeClassKtTest.parse(SerializeClassKtTest.kt:9)
	at SerializeClassKtTest.parse(SerializeClassKtTest.kt:9)
	at SerializeClassKtTest.parse(SerializeClassKtTest.kt:9)
	at SerializeClassKtTest.parse(SerializeClassKtTest.kt:9)
	at SerializeClassKtTest.parse(SerializeClassKtTest.kt:9)
	at SerializeClassKtTest.parse(SerializeClassKtTest.kt:9)
	at SerializeClassKtTest.parse(SerializeClassKtTest.kt:9)
	at SerializeClassKtTest.parse(SerializeClassKtTest.kt:9)
	at SerializeClassKtTest.parse(SerializeClassKtTest.kt:9)
	at SerializeClassKtTest.parse(SerializeClassKtTest.kt:9)
	at SerializeClassKtTest.parse(SerializeClassKtTest.kt:9)
	at SerializeClassKtTest.parse(SerializeClassKtTest.kt:9)
	at SerializeClassKtTest.parse(SerializeClassKtTest.kt:9)
	at SerializeClassKtTest.parse(SerializeClassKtTest.kt:9)
	at SerializeClassKtTest.parse(SerializeClassKtTest.kt:9)
	at SerializeClassKtTest.parse(SerializeClassKtTest.kt:9)
	at SerializeClassKtTest.parse(SerializeClassKtTest.kt:9)
	at SerializeClassKtTest.parse(SerializeClassKtTest.kt:9)
	at SerializeClassKtTest.parse(SerializeClassKtTest.kt:9)
	at SerializeClassKtTest.parse(SerializeClassKtTest.kt:9)
	at SerializeClassKtTest.parse(SerializeClassKtTest.kt:9)
	at SerializeClassKtTest.parse(SerializeClassKtTest.kt:9)
	at SerializeClassKtTest.parse(SerializeClassKtTest.kt:9)
	at SerializeClassKtTest.parse(SerializeClassKtTest.kt:9)
	at SerializeClassKtTest.parse(SerializeClassKtTest.kt:9)
	at SerializeClassKtTest.parse(SerializeClassKtTest.kt:9)
	at SerializeClassKtTest.parse(SerializeClassKtTest.kt:9)
	at SerializeClassKtTest.parse(SerializeClassKtTest.kt:9)
	at SerializeClassKtTest.parse(SerializeClassKtTest.kt:9)
	at SerializeClassKtTest.parse(SerializeClassKtTest.kt:9)
	at SerializeClassKtTest.parse(SerializeClassKtTest.kt:9)
	at SerializeClassKtTest.parse(SerializeClassKtTest.kt:9)
	at SerializeClassKtTest.parse(SerializeClassKtTest.kt:9)
	at SerializeClassKtTest.parse(SerializeClassKtTest.kt:9)
	at SerializeClassKtTest.parse(SerializeClassKtTest.kt:9)
	at SerializeClassKtTest.parse(SerializeClassKtTest.kt:9)
	at SerializeClassKtTest.parse(SerializeClassKtTest.kt:9)
	at SerializeClassKtTest.parse(SerializeClassKtTest.kt:9)
	at SerializeClassKtTest.parse(SerializeClassKtTest.kt:9)
	at SerializeClassKtTest.parse(SerializeClassKtTest.kt:9)
	at SerializeClassKtTest.parse(SerializeClassKtTest.kt:9)
	at SerializeClassKtTest.parse(SerializeClassKtTest.kt:9)
	at SerializeClassKtTest.parse(SerializeClassKtTest.kt:9)
	at SerializeClassKtTest.parse(SerializeClassKtTest.kt:9)
	at SerializeClassKtTest.parse(SerializeClassKtTest.kt:9)
	at SerializeClassKtTest.parse(SerializeClassKtTest.kt:9)
	at SerializeClassKtTest.parse(SerializeClassKtTest.kt:9)
	at SerializeClassKtTest.parse(SerializeClassKtTest.kt:9)
	at SerializeClassKtTest.parse(SerializeClassKtTest.kt:9)
	at SerializeClassKtTest.parse(SerializeClassKtTest.kt:9)
	at SerializeClassKtTest.parse(SerializeClassKtTest.kt:9)
	at SerializeClassKtTest.parse(SerializeClassKtTest.kt:9)
	at SerializeClassKtTest.parse(SerializeClassKtTest.kt:9)
	at SerializeClassKtTest.parse(SerializeClassKtTest.kt:9)
	at SerializeClassKtTest.parse(SerializeClassKtTest.kt:9)
	at SerializeClassKtTest.parse(SerializeClassKtTest.kt:9)
	at SerializeClassKtTest.parse(SerializeClassKtTest.kt:9)
	at SerializeClassKtTest.parse(SerializeClassKtTest.kt:9)
	at SerializeClassKtTest.parse(SerializeClassKtTest.kt:9)
	at SerializeClassKtTest.parse(SerializeClassKtTest.kt:9)
	at SerializeClassKtTest.parse(SerializeClassKtTest.kt:9)
	at SerializeClassKtTest.parse(SerializeClassKtTest.kt:9)
	at SerializeClassKtTest.parse(SerializeClassKtTest.kt:9)
	at SerializeClassKtTest.parse(SerializeClassKtTest.kt:9)
	at SerializeClassKtTest.parse(SerializeClassKtTest.kt:9)
	at SerializeClassKtTest.parse(SerializeClassKtTest.kt:9)
	at SerializeClassKtTest.parse(SerializeClassKtTest.kt:9)
	at SerializeClassKtTest.parse(SerializeClassKtTest.kt:9)
	at SerializeClassKtTest.parse(SerializeClassKtTest.kt:9)
	at SerializeClassKtTest.parse(SerializeClassKtTest.kt:9)
	at SerializeClassKtTest.parse(SerializeClassKtTest.kt:9)
	at SerializeClassKtTest.parse(SerializeClassKtTest.kt:9)
	at SerializeClassKtTest.parse(SerializeClassKtTest.kt:9)
	at SerializeClassKtTest.parse(SerializeClassKtTest.kt:9)
	at SerializeClassKtTest.parse(SerializeClassKtTest.kt:9)
	at SerializeClassKtTest.parse(SerializeClassKtTest.kt:9)
	at SerializeClassKtTest.parse(SerializeClassKtTest.kt:9)
	at SerializeClassKtTest.parse(SerializeClassKtTest.kt:9)
	at SerializeClassKtTest.parse(SerializeClassKtTest.kt:9)
	at SerializeClassKtTest.parse(SerializeClassKtTest.kt:9)
	at SerializeClassKtTest.parse(SerializeClassKtTest.kt:9)
	at SerializeClassKtTest.parse(SerializeClassKtTest.kt:9)
	at SerializeClassKtTest.parse(SerializeClassKtTest.kt:9)
	at SerializeClassKtTest.parse(SerializeClassKtTest.kt:9)
	at SerializeClassKtTest.parse(SerializeClassKtTest.kt:9)
	at SerializeClassKtTest.parse(SerializeClassKtTest.kt:9)
	at SerializeClassKtTest.parse(SerializeClassKtTest.kt:9)
	at SerializeClassKtTest.parse(SerializeClassKtTest.kt:9)
	at SerializeClassKtTest.parse(SerializeClassKtTest.kt:9)
	at SerializeClassKtTest.parse(SerializeClassKtTest.kt:9)
	at SerializeClassKtTest.parse(SerializeClassKtTest.kt:9)
	at SerializeClassKtTest.parse(SerializeClassKtTest.kt:9)
	at SerializeClassKtTest.parse(SerializeClassKtTest.kt:9)
	at SerializeClassKtTest.parse(SerializeClassKtTest.kt:9)
	at SerializeClassKtTest.parse(SerializeClassKtTest.kt:9)
	at SerializeClassKtTest.parse(SerializeClassKtTest.kt:9)
	at SerializeClassKtTest.parse(SerializeClassKtTest.kt:9)
	at SerializeClassKtTest.parse(SerializeClassKtTest.kt:9)
	at SerializeClassKtTest.parse(SerializeClassKtTest.kt:9)
	at SerializeClassKtTest.parse(SerializeClassKtTest.kt:9)
	at SerializeClassKtTest.parse(SerializeClassKtTest.kt:9)
	at SerializeClassKtTest.parse(SerializeClassKtTest.kt:9)
	at SerializeClassKtTest.parse(SerializeClassKtTest.kt:9)
	at SerializeClassKtTest.parse(SerializeClassKtTest.kt:9)
	at SerializeClassKtTest.parse(SerializeClassKtTest.kt:9)
	at SerializeClassKtTest.parse(SerializeClassKtTest.kt:9)
	at SerializeClassKtTest.parse(SerializeClassKtTest.kt:9)
	at SerializeClassKtTest.parse(SerializeClassKtTest.kt:9)
	at SerializeClassKtTest.parse(SerializeClassKtTest.kt:9)
	at SerializeClassKtTest.parse(SerializeClassKtTest.kt:9)
	at SerializeClassKtTest.parse(SerializeClassKtTest.kt:9)
	at SerializeClassKtTest.parse(SerializeClassKtTest.kt:9)
	at SerializeClassKtTest.parse(SerializeClassKtTest.kt:9)
	at SerializeClassKtTest.parse(SerializeClassKtTest.kt:9)
	at SerializeClassKtTest.parse(SerializeClassKtTest.kt:9)
	at SerializeClassKtTest.parse(SerializeClassKtTest.kt:9)
	at SerializeClassKtTest.parse(SerializeClassKtTest.kt:9)
	at SerializeClassKtTest.parse(SerializeClassKtTest.kt:9)
	at SerializeClassKtTest.parse(SerializeClassKtTest.kt:9)
	at SerializeClassKtTest.parse(SerializeClassKtTest.kt:9)
	at SerializeClassKtTest.parse(SerializeClassKtTest.kt:9)
	at SerializeClassKtTest.parse(SerializeClassKtTest.kt:9)
	at SerializeClassKtTest.parse(SerializeClassKtTest.kt:9)
	at SerializeClassKtTest.parse(SerializeClassKtTest.kt:9)
	at SerializeClassKtTest.parse(SerializeClassKtTest.kt:9)
	at SerializeClassKtTest.parse(SerializeClassKtTest.kt:9)
	at SerializeClassKtTest.parse(SerializeClassKtTest.kt:9)
	at SerializeClassKtTest.parse(SerializeClassKtTest.kt:9)
	at SerializeClassKtTest.parse(SerializeClassKtTest.kt:9)
	at SerializeClassKtTest.parse(SerializeClassKtTest.kt:9)
	at SerializeClassKtTest.parse(SerializeClassKtTest.kt:9)
	at SerializeClassKtTest.parse(SerializeClassKtTest.kt:9)
	at SerializeClassKtTest.parse(SerializeClassKtTest.kt:9)
	at SerializeClassKtTest.parse(SerializeClassKtTest.kt:9)
	at SerializeClassKtTest.parse(SerializeClassKtTest.kt:9)
	at SerializeClassKtTest.parse(SerializeClassKtTest.kt:9)
	at SerializeClassKtTest.parse(SerializeClassKtTest.kt:9)
	at SerializeClassKtTest.parse(SerializeClassKtTest.kt:9)
	at SerializeClassKtTest.parse(SerializeClassKtTest.kt:9)
	at SerializeClassKtTest.parse(SerializeClassKtTest.kt:9)
	at SerializeClassKtTest.parse(SerializeClassKtTest.kt:9)
	at SerializeClassKtTest.parse(SerializeClassKtTest.kt:9)
	at SerializeClassKtTest.parse(SerializeClassKtTest.kt:9)
	at SerializeClassKtTest.parse(SerializeClassKtTest.kt:9)
	at SerializeClassKtTest.parse(SerializeClassKtTest.kt:9)
	at SerializeClassKtTest.parse(SerializeClassKtTest.kt:9)
	at SerializeClassKtTest.parse(SerializeClassKtTest.kt:9)
	at SerializeClassKtTest.parse(SerializeClassKtTest.kt:9)
	at SerializeClassKtTest.parse(SerializeClassKtTest.kt:9)
	at SerializeClassKtTest.parse(SerializeClassKtTest.kt:9)
	at SerializeClassKtTest.parse(SerializeClassKtTest.kt:9)
	at SerializeClassKtTest.parse(SerializeClassKtTest.kt:9)
	at SerializeClassKtTest.parse(SerializeClassKtTest.kt:9)
	at SerializeClassKtTest.parse(SerializeClassKtTest.kt:9)
	at SerializeClassKtTest.parse(SerializeClassKtTest.kt:9)
	at SerializeClassKtTest.parse(SerializeClassKtTest.kt:9)
	at SerializeClassKtTest.parse(SerializeClassKtTest.kt:9)
	at SerializeClassKtTest.parse(SerializeClassKtTest.kt:9)
	at SerializeClassKtTest.parse(SerializeClassKtTest.kt:9)
	at SerializeClassKtTest.parse(SerializeClassKtTest.kt:9)
	at SerializeClassKtTest.parse(SerializeClassKtTest.kt:9)
	at SerializeClassKtTest.parse(SerializeClassKtTest.kt:9)
	at SerializeClassKtTest.parse(SerializeClassKtTest.kt:9)
	at SerializeClassKtTest.parse(SerializeClassKtTest.kt:9)
	at SerializeClassKtTest.parse(SerializeClassKtTest.kt:9)
	at SerializeClassKtTest.parse(SerializeClassKtTest.kt:9)
	at SerializeClassKtTest.parse(SerializeClassKtTest.kt:9)
	at SerializeClassKtTest.parse(SerializeClassKtTest.kt:9)
	at SerializeClassKtTest.parse(SerializeClassKtTest.kt:9)
	at SerializeClassKtTest.parse(SerializeClassKtTest.kt:9)
	at SerializeClassKtTest.parse(SerializeClassKtTest.kt:9)
	at SerializeClassKtTest.parse(SerializeClassKtTest.kt:9)
	at SerializeClassKtTest.parse(SerializeClassKtTest.kt:9)
	at SerializeClassKtTest.parse(SerializeClassKtTest.kt:9)
	at SerializeClassKtTest.parse(SerializeClassKtTest.kt:9)
	at SerializeClassKtTest.parse(SerializeClassKtTest.kt:9)
	at SerializeClassKtTest.parse(SerializeClassKtTest.kt:9)
	at SerializeClassKtTest.parse(SerializeClassKtTest.kt:9)
	at SerializeClassKtTest.parse(SerializeClassKtTest.kt:9)
	at SerializeClassKtTest.parse(SerializeClassKtTest.kt:9)
	at SerializeClassKtTest.parse(SerializeClassKtTest.kt:9)
	at SerializeClassKtTest.parse(SerializeClassKtTest.kt:9)
	at SerializeClassKtTest.parse(SerializeClassKtTest.kt:9)
	at SerializeClassKtTest.parse(SerializeClassKtTest.kt:9)
	at SerializeClassKtTest.parse(SerializeClassKtTest.kt:9)
	at SerializeClassKtTest.parse(SerializeClassKtTest.kt:9)
	at SerializeClassKtTest.parse(SerializeClassKtTest.kt:9)
	at SerializeClassKtTest.parse(SerializeClassKtTest.kt:9)
	at SerializeClassKtTest.parse(SerializeClassKtTest.kt:9)
	at SerializeClassKtTest.parse(SerializeClassKtTest.kt:9)
	at SerializeClassKtTest.parse(SerializeClassKtTest.kt:9)
	at SerializeClassKtTest.parse(SerializeClassKtTest.kt:9)
	at SerializeClassKtTest.parse(SerializeClassKtTest.kt:9)
	at SerializeClassKtTest.parse(SerializeClassKtTest.kt:9)
	at SerializeClassKtTest.parse(SerializeClassKtTest.kt:9)
	at SerializeClassKtTest.parse(SerializeClassKtTest.kt:9)
	at SerializeClassKtTest.parse(SerializeClassKtTest.kt:9)
	at SerializeClassKtTest.parse(SerializeClassKtTest.kt:9)
	at SerializeClassKtTest.parse(SerializeClassKtTest.kt:9)
	at SerializeClassKtTest.parse(SerializeClassKtTest.kt:9)
	at SerializeClassKtTest.parse(SerializeClassKtTest.kt:9)
	at SerializeClassKtTest.parse(SerializeClassKtTest.kt:9)
	at SerializeClassKtTest.parse(SerializeClassKtTest.kt:9)
	at SerializeClassKtTest.parse(SerializeClassKtTest.kt:9)
	at SerializeClassKtTest.parse(SerializeClassKtTest.kt:9)
	at SerializeClassKtTest.parse(SerializeClassKtTest.kt:9)
	at SerializeClassKtTest.parse(SerializeClassKtTest.kt:9)
	at SerializeClassKtTest.parse(SerializeClassKtTest.kt:9)
	at SerializeClassKtTest.parse(SerializeClassKtTest.kt:9)
	at SerializeClassKtTest.parse(SerializeClassKtTest.kt:9)
	at SerializeClassKtTest.parse(SerializeClassKtTest.kt:9)
	at SerializeClassKtTest.parse(SerializeClassKtTest.kt:9)
	at SerializeClassKtTest.parse(SerializeClassKtTest.kt:9)
	at SerializeClassKtTest.parse(SerializeClassKtTest.kt:9)
	at SerializeClassKtTest.parse(SerializeClassKtTest.kt:9)
	at SerializeClassKtTest.parse(SerializeClassKtTest.kt:9)
	at SerializeClassKtTest.parse(SerializeClassKtTest.kt:9)
	at SerializeClassKtTest.parse(SerializeClassKtTest.kt:9)
	at SerializeClassKtTest.parse(SerializeClassKtTest.kt:9)
	at SerializeClassKtTest.parse(SerializeClassKtTest.kt:9)
	at SerializeClassKtTest.parse(SerializeClassKtTest.kt:9)
	at SerializeClassKtTest.parse(SerializeClassKtTest.kt:9)
	at SerializeClassKtTest.parse(SerializeClassKtTest.kt:9)
	at SerializeClassKtTest.parse(SerializeClassKtTest.kt:9)
	at SerializeClassKtTest.parse(SerializeClassKtTest.kt:9)
	at SerializeClassKtTest.parse(SerializeClassKtTest.kt:9)
	at SerializeClassKtTest.parse(SerializeClassKtTest.kt:9)
	at SerializeClassKtTest.parse(SerializeClassKtTest.kt:9)
	at SerializeClassKtTest.parse(SerializeClassKtTest.kt:9)
	at SerializeClassKtTest.parse(SerializeClassKtTest.kt:9)
	at SerializeClassKtTest.parse(SerializeClassKtTest.kt:9)
	at SerializeClassKtTest.parse(SerializeClassKtTest.kt:9)
	at SerializeClassKtTest.parse(SerializeClassKtTest.kt:9)
	at SerializeClassKtTest.parse(SerializeClassKtTest.kt:9)
	at SerializeClassKtTest.parse(SerializeClassKtTest.kt:9)
	at SerializeClassKtTest.parse(SerializeClassKtTest.kt:9)
	at SerializeClassKtTest.parse(SerializeClassKtTest.kt:9)
	at SerializeClassKtTest.parse(SerializeClassKtTest.kt:9)
	at SerializeClassKtTest.parse(SerializeClassKtTest.kt:9)
	at SerializeClassKtTest.parse(SerializeClassKtTest.kt:9)
	at SerializeClassKtTest.parse(SerializeClassKtTest.kt:9)
	at SerializeClassKtTest.parse(SerializeClassKtTest.kt:9)
	at SerializeClassKtTest.parse(SerializeClassKtTest.kt:9)
	at SerializeClassKtTest.parse(SerializeClassKtTest.kt:9)
	at SerializeClassKtTest.parse(SerializeClassKtTest.kt:9)
	at SerializeClassKtTest.parse(SerializeClassKtTest.kt:9)
	at SerializeClassKtTest.parse(SerializeClassKtTest.kt:9)
	at SerializeClassKtTest.parse(SerializeClassKtTest.kt:9)
	at SerializeClassKtTest.parse(SerializeClassKtTest.kt:9)
	at SerializeClassKtTest.parse(SerializeClassKtTest.kt:9)
	at SerializeClassKtTest.parse(SerializeClassKtTest.kt:9)
	at SerializeClassKtTest.parse(SerializeClassKtTest.kt:9)
	at SerializeClassKtTest.parse(SerializeClassKtTest.kt:9)
	at SerializeClassKtTest.parse(SerializeClassKtTest.kt:9)
	at SerializeClassKtTest.parse(SerializeClassKtTest.kt:9)
	at SerializeClassKtTest.parse(SerializeClassKtTest.kt:9)
	at SerializeClassKtTest.parse(SerializeClassKtTest.kt:9)
	at SerializeClassKtTest.parse(SerializeClassKtTest.kt:9)
	at SerializeClassKtTest.parse(SerializeClassKtTest.kt:9)
	at SerializeClassKtTest.parse(SerializeClassKtTest.kt:9)
	at SerializeClassKtTest.parse(SerializeClassKtTest.kt:9)
	at SerializeClassKtTest.parse(SerializeClassKtTest.kt:9)
	at SerializeClassKtTest.parse(SerializeClassKtTest.kt:9)
	at SerializeClassKtTest.parse(SerializeClassKtTest.kt:9)
	at SerializeClassKtTest.parse(SerializeClassKtTest.kt:9)
	at SerializeClassKtTest.parse(SerializeClassKtTest.kt:9)
	at SerializeClassKtTest.parse(SerializeClassKtTest.kt:9)
	at SerializeClassKtTest.parse(SerializeClassKtTest.kt:9)
	at SerializeClassKtTest.parse(SerializeClassKtTest.kt:9)
	at SerializeClassKtTest.parse(SerializeClassKtTest.kt:9)
	at SerializeClassKtTest.parse(SerializeClassKtTest.kt:9)
	at SerializeClassKtTest.parse(SerializeClassKtTest.kt:9)
	at SerializeClassKtTest.parse(SerializeClassKtTest.kt:9)
	at SerializeClassKtTest.parse(SerializeClassKtTest.kt:9)
	at SerializeClassKtTest.parse(SerializeClassKtTest.kt:9)
	at SerializeClassKtTest.parse(SerializeClassKtTest.kt:9)
	at SerializeClassKtTest.parse(SerializeClassKtTest.kt:9)
	at SerializeClassKtTest.parse(SerializeClassKtTest.kt:9)
	at SerializeClassKtTest.parse(SerializeClassKtTest.kt:9)
	at SerializeClassKtTest.parse(SerializeClassKtTest.kt:9)
	at SerializeClassKtTest.parse(SerializeClassKtTest.kt:9)
	at SerializeClassKtTest.parse(SerializeClassKtTest.kt:9)
	at SerializeClassKtTest.parse(SerializeClassKtTest.kt:9)
	at SerializeClassKtTest.parse(SerializeClassKtTest.kt:9)
	at SerializeClassKtTest.parse(SerializeClassKtTest.kt:9)
	at SerializeClassKtTest.parse(SerializeClassKtTest.kt:9)
	at SerializeClassKtTest.parse(SerializeClassKtTest.kt:9)
	at SerializeClassKtTest.parse(SerializeClassKtTest.kt:9)
	at SerializeClassKtTest.parse(SerializeClassKtTest.kt:9)
	at SerializeClassKtTest.parse(SerializeClassKtTest.kt:9)
	at SerializeClassKtTest.parse(SerializeClassKtTest.kt:9)
	at SerializeClassKtTest.parse(SerializeClassKtTest.kt:9)
	at SerializeClassKtTest.parse(SerializeClassKtTest.kt:9)
	at SerializeClassKtTest.parse(SerializeClassKtTest.kt:9)
	at SerializeClassKtTest.parse(SerializeClassKtTest.kt:9)
	at SerializeClassKtTest.parse(SerializeClassKtTest.kt:9)
	at SerializeClassKtTest.parse(SerializeClassKtTest.kt:9)
	at SerializeClassKtTest.parse(SerializeClassKtTest.kt:9)
	at SerializeClassKtTest.parse(SerializeClassKtTest.kt:9)
	at SerializeClassKtTest.parse(SerializeClassKtTest.kt:9)
	at SerializeClassKtTest.parse(SerializeClassKtTest.kt:9)
	at SerializeClassKtTest.parse(SerializeClassKtTest.kt:9)
	at SerializeClassKtTest.parse(SerializeClassKtTest.kt:9)
	at SerializeClassKtTest.parse(SerializeClassKtTest.kt:9)
	at SerializeClassKtTest.parse(SerializeClassKtTest.kt:9)
	at SerializeClassKtTest.parse(SerializeClassKtTest.kt:9)
	at SerializeClassKtTest.parse(SerializeClassKtTest.kt:9)
	at SerializeClassKtTest.parse(SerializeClassKtTest.kt:9)
	at SerializeClassKtTest.parse(SerializeClassKtTest.kt:9)
	at SerializeClassKtTest.parse(SerializeClassKtTest.kt:9)
	at SerializeClassKtTest.parse(SerializeClassKtTest.kt:9)
	at SerializeClassKtTest.parse(SerializeClassKtTest.kt:9)
	at SerializeClassKtTest.parse(SerializeClassKtTest.kt:9)
	at SerializeClassKtTest.parse(SerializeClassKtTest.kt:9)
	at SerializeClassKtTest.parse(SerializeClassKtTest.kt:9)
	at SerializeClassKtTest.parse(SerializeClassKtTest.kt:9)
	at SerializeClassKtTest.parse(SerializeClassKtTest.kt:9)
	at SerializeClassKtTest.parse(SerializeClassKtTest.kt:9)
	at SerializeClassKtTest.parse(SerializeClassKtTest.kt:9)
	at SerializeClassKtTest.parse(SerializeClassKtTest.kt:9)
	at SerializeClassKtTest.parse(SerializeClassKtTest.kt:9)
	at SerializeClassKtTest.parse(SerializeClassKtTest.kt:9)
	at SerializeClassKtTest.parse(SerializeClassKtTest.kt:9)
	at SerializeClassKtTest.parse(SerializeClassKtTest.kt:9)
	at SerializeClassKtTest.parse(SerializeClassKtTest.kt:9)
	at SerializeClassKtTest.parse(SerializeClassKtTest.kt:9)
	at SerializeClassKtTest.parse(SerializeClassKtTest.kt:9)
	at SerializeClassKtTest.parse(SerializeClassKtTest.kt:9)
	at SerializeClassKtTest.parse(SerializeClassKtTest.kt:9)
	at SerializeClassKtTest.parse(SerializeClassKtTest.kt:9)
	at SerializeClassKtTest.parse(SerializeClassKtTest.kt:9)
	at SerializeClassKtTest.parse(SerializeClassKtTest.kt:9)
	at SerializeClassKtTest.parse(SerializeClassKtTest.kt:9)
	at SerializeClassKtTest.parse(SerializeClassKtTest.kt:9)
	at SerializeClassKtTest.parse(SerializeClassKtTest.kt:9)
	at SerializeClassKtTest.parse(SerializeClassKtTest.kt:9)
	at SerializeClassKtTest.parse(SerializeClassKtTest.kt:9)
	at SerializeClassKtTest.parse(SerializeClassKtTest.kt:9)
	at SerializeClassKtTest.parse(SerializeClassKtTest.kt:9)
	at SerializeClassKtTest.parse(SerializeClassKtTest.kt:9)
	at SerializeClassKtTest.parse(SerializeClassKtTest.kt:9)
	at SerializeClassKtTest.parse(SerializeClassKtTest.kt:9)
	at SerializeClassKtTest.parse(SerializeClassKtTest.kt:9)
	at SerializeClassKtTest.parse(SerializeClassKtTest.kt:9)
	at SerializeClassKtTest.parse(SerializeClassKtTest.kt:9)
	at SerializeClassKtTest.parse(SerializeClassKtTest.kt:9)
	at SerializeClassKtTest.parse(SerializeClassKtTest.kt:9)
	at SerializeClassKtTest.parse(SerializeClassKtTest.kt:9)
	at SerializeClassKtTest.parse(SerializeClassKtTest.kt:9)
	at SerializeClassKtTest.parse(SerializeClassKtTest.kt:9)
	at SerializeClassKtTest.parse(SerializeClassKtTest.kt:9)
	at SerializeClassKtTest.parse(SerializeClassKtTest.kt:9)
	at SerializeClassKtTest.parse(SerializeClassKtTest.kt:9)
	at SerializeClassKtTest.parse(SerializeClassKtTest.kt:9)
	at SerializeClassKtTest.parse(SerializeClassKtTest.kt:9)
	at SerializeClassKtTest.parse(SerializeClassKtTest.kt:9)
	at SerializeClassKtTest.parse(SerializeClassKtTest.kt:9)
	at SerializeClassKtTest.parse(SerializeClassKtTest.kt:9)
	at SerializeClassKtTest.parse(SerializeClassKtTest.kt:9)
	at SerializeClassKtTest.parse(SerializeClassKtTest.kt:9)
	at SerializeClassKtTest.parse(SerializeClassKtTest.kt:9)
	at SerializeClassKtTest.parse(SerializeClassKtTest.kt:9)
	at SerializeClassKtTest.parse(SerializeClassKtTest.kt:9)
	at SerializeClassKtTest.parse(SerializeClassKtTest.kt:9)
	at SerializeClassKtTest.parse(SerializeClassKtTest.kt:9)
	at SerializeClassKtTest.parse(SerializeClassKtTest.kt:9)
	at SerializeClassKtTest.parse(SerializeClassKtTest.kt:9)
	at SerializeClassKtTest.parse(SerializeClassKtTest.kt:9)
	at SerializeClassKtTest.parse(SerializeClassKtTest.kt:9)
	at SerializeClassKtTest.parse(SerializeClassKtTest.kt:9)
	at SerializeClassKtTest.parse(SerializeClassKtTest.kt:9)
	at SerializeClassKtTest.parse(SerializeClassKtTest.kt:9)
	at SerializeClassKtTest.parse(SerializeClassKtTest.kt:9)
	at SerializeClassKtTest.parse(SerializeClassKtTest.kt:9)
	at SerializeClassKtTest.parse(SerializeClassKtTest.kt:9)
	at SerializeClassKtTest.parse(SerializeClassKtTest.kt:9)
	at SerializeClassKtTest.parse(SerializeClassKtTest.kt:9)
	at SerializeClassKtTest.parse(SerializeClassKtTest.kt:9)
	at SerializeClassKtTest.parse(SerializeClassKtTest.kt:9)
	at SerializeClassKtTest.parse(SerializeClassKtTest.kt:9)
	at SerializeClassKtTest.parse(SerializeClassKtTest.kt:9)
	at SerializeClassKtTest.parse(SerializeClassKtTest.kt:9)
	at SerializeClassKtTest.parse(SerializeClassKtTest.kt:9)
	at SerializeClassKtTest.parse(SerializeClassKtTest.kt:9)
	at SerializeClassKtTest.parse(SerializeClassKtTest.kt:9)
	at SerializeClassKtTest.parse(SerializeClassKtTest.kt:9)
	at SerializeClassKtTest.parse(SerializeClassKtTest.kt:9)
	at SerializeClassKtTest.parse(SerializeClassKtTest.kt:9)
	at SerializeClassKtTest.parse(SerializeClassKtTest.kt:9)
	at SerializeClassKtTest.parse(SerializeClassKtTest.kt:9)
	at SerializeClassKtTest.parse(SerializeClassKtTest.kt:9)
	at SerializeClassKtTest.parse(SerializeClassKtTest.kt:9)
	at SerializeClassKtTest.parse(SerializeClassKtTest.kt:9)
	at SerializeClassKtTest.parse(SerializeClassKtTest.kt:9)
	at SerializeClassKtTest.parse(SerializeClassKtTest.kt:9)
	at SerializeClassKtTest.parse(SerializeClassKtTest.kt:9)
	at SerializeClassKtTest.parse(SerializeClassKtTest.kt:9)
	at SerializeClassKtTest.parse(SerializeClassKtTest.kt:9)
	at SerializeClassKtTest.parse(SerializeClassKtTest.kt:9)
	at SerializeClassKtTest.parse(SerializeClassKtTest.kt:9)
	at SerializeClassKtTest.parse(SerializeClassKtTest.kt:9)
	at SerializeClassKtTest.parse(SerializeClassKtTest.kt:9)
	at SerializeClassKtTest.parse(SerializeClassKtTest.kt:9)
	at SerializeClassKtTest.parse(SerializeClassKtTest.kt:9)
	at SerializeClassKtTest.parse(SerializeClassKtTest.kt:9)
	at SerializeClassKtTest.parse(SerializeClassKtTest.kt:9)
	at SerializeClassKtTest.parse(SerializeClassKtTest.kt:9)
	at SerializeClassKtTest.parse(SerializeClassKtTest.kt:9)
	at SerializeClassKtTest.parse(SerializeClassKtTest.kt:9)
	at SerializeClassKtTest.parse(SerializeClassKtTest.kt:9)
	at SerializeClassKtTest.parse(SerializeClassKtTest.kt:9)
	at SerializeClassKtTest.parse(SerializeClassKtTest.kt:9)
	at SerializeClassKtTest.parse(SerializeClassKtTest.kt:9)
	at SerializeClassKtTest.parse(SerializeClassKtTest.kt:9)
	at SerializeClassKtTest.parse(SerializeClassKtTest.kt:9)
	at SerializeClassKtTest.parse(SerializeClassKtTest.kt:9)
	at SerializeClassKtTest.parse(SerializeClassKtTest.kt:9)
	at SerializeClassKtTest.parse(SerializeClassKtTest.kt:9)
	at SerializeClassKtTest.parse(SerializeClassKtTest.kt:9)
	at SerializeClassKtTest.parse(SerializeClassKtTest.kt:9)
	at SerializeClassKtTest.parse(SerializeClassKtTest.kt:9)
	at SerializeClassKtTest.parse(SerializeClassKtTest.kt:9)
	at SerializeClassKtTest.parse(SerializeClassKtTest.kt:9)
	at SerializeClassKtTest.parse(SerializeClassKtTest.kt:9)
	at SerializeClassKtTest.parse(SerializeClassKtTest.kt:9)
	at SerializeClassKtTest.parse(SerializeClassKtTest.kt:9)
	at SerializeClassKtTest.parse(SerializeClassKtTest.kt:9)
	at SerializeClassKtTest.parse(SerializeClassKtTest.kt:9)
	at SerializeClassKtTest.parse(SerializeClassKtTest.kt:9)
	at SerializeClassKtTest.parse(SerializeClassKtTest.kt:9)
	at SerializeClassKtTest.parse(SerializeClassKtTest.kt:9)
	at SerializeClassKtTest.parse(SerializeClassKtTest.kt:9)
	at SerializeClassKtTest.parse(SerializeClassKtTest.kt:9)
	at SerializeClassKtTest.parse(SerializeClassKtTest.kt:9)
	at SerializeClassKtTest.parse(SerializeClassKtTest.kt:9)
	at SerializeClassKtTest.parse(SerializeClassKtTest.kt:9)
	at SerializeClassKtTest.parse(SerializeClassKtTest.kt:9)
	at SerializeClassKtTest.parse(SerializeClassKtTest.kt:9)
	at SerializeClassKtTest.parse(SerializeClassKtTest.kt:9)
	at SerializeClassKtTest.parse(SerializeClassKtTest.kt:9)
	at SerializeClassKtTest.parse(SerializeClassKtTest.kt:9)
	at SerializeClassKtTest.parse(SerializeClassKtTest.kt:9)
	at SerializeClassKtTest.parse(SerializeClassKtTest.kt:9)
	at SerializeClassKtTest.parse(SerializeClassKtTest.kt:9)
	at SerializeClassKtTest.parse(SerializeClassKtTest.kt:9)
	at SerializeClassKtTest.parse(SerializeClassKtTest.kt:9)
	at SerializeClassKtTest.parse(SerializeClassKtTest.kt:9)
	at SerializeClassKtTest.parse(SerializeClassKtTest.kt:9)
	at SerializeClassKtTest.parse(SerializeClassKtTest.kt:9)
	at SerializeClassKtTest.parse(SerializeClassKtTest.kt:9)
	at SerializeClassKtTest.parse(SerializeClassKtTest.kt:9)
	at SerializeClassKtTest.parse(SerializeClassKtTest.kt:9)
	at SerializeClassKtTest.parse(SerializeClassKtTest.kt:9)
	at SerializeClassKtTest.parse(SerializeClassKtTest.kt:9)
	at SerializeClassKtTest.parse(SerializeClassKtTest.kt:9)
	at SerializeClassKtTest.parse(SerializeClassKtTest.kt:9)
	at SerializeClassKtTest.parse(SerializeClassKtTest.kt:9)
	at SerializeClassKtTest.parse(SerializeClassKtTest.kt:9)
	at SerializeClassKtTest.parse(SerializeClassKtTest.kt:9)
	at SerializeClassKtTest.parse(SerializeClassKtTest.kt:9)
	at SerializeClassKtTest.parse(SerializeClassKtTest.kt:9)
	at SerializeClassKtTest.parse(SerializeClassKtTest.kt:9)
	at SerializeClassKtTest.parse(SerializeClassKtTest.kt:9)
	at SerializeClassKtTest.parse(SerializeClassKtTest.kt:9)
	at SerializeClassKtTest.parse(SerializeClassKtTest.kt:9)
	at SerializeClassKtTest.parse(SerializeClassKtTest.kt:9)
	at SerializeClassKtTest.parse(SerializeClassKtTest.kt:9)
	at SerializeClassKtTest.parse(SerializeClassKtTest.kt:9)
	at SerializeClassKtTest.parse(SerializeClassKtTest.kt:9)
	at SerializeClassKtTest.parse(SerializeClassKtTest.kt:9)
	at SerializeClassKtTest.parse(SerializeClassKtTest.kt:9)
	at SerializeClassKtTest.parse(SerializeClassKtTest.kt:9)
	at SerializeClassKtTest.parse(SerializeClassKtTest.kt:9)
	at SerializeClassKtTest.parse(SerializeClassKtTest.kt:9)
	at SerializeClassKtTest.parse(SerializeClassKtTest.kt:9)
	at SerializeClassKtTest.parse(SerializeClassKtTest.kt:9)
	at SerializeClassKtTest.parse(SerializeClassKtTest.kt:9)
	at SerializeClassKtTest.parse(SerializeClassKtTest.kt:9)
	at SerializeClassKtTest.parse(SerializeClassKtTest.kt:9)
	at SerializeClassKtTest.parse(SerializeClassKtTest.kt:9)
	at SerializeClassKtTest.parse(SerializeClassKtTest.kt:9)
	at SerializeClassKtTest.parse(SerializeClassKtTest.kt:9)
	at SerializeClassKtTest.parse(SerializeClassKtTest.kt:9)
	at SerializeClassKtTest.parse(SerializeClassKtTest.kt:9)
	at SerializeClassKtTest.parse(SerializeClassKtTest.kt:9)
	at SerializeClassKtTest.parse(SerializeClassKtTest.kt:9)
	at SerializeClassKtTest.parse(SerializeClassKtTest.kt:9)
	at SerializeClassKtTest.parse(SerializeClassKtTest.kt:9)
	at SerializeClassKtTest.parse(SerializeClassKtTest.kt:9)
	at SerializeClassKtTest.parse(SerializeClassKtTest.kt:9)
	at SerializeClassKtTest.parse(SerializeClassKtTest.kt:9)
	at SerializeClassKtTest.parse(SerializeClassKtTest.kt:9)
	at SerializeClassKtTest.parse(SerializeClassKtTest.kt:9)
	at SerializeClassKtTest.parse(SerializeClassKtTest.kt:9)
	at SerializeClassKtTest.parse(SerializeClassKtTest.kt:9)
	at SerializeClassKtTest.parse(SerializeClassKtTest.kt:9)
	at SerializeClassKtTest.parse(SerializeClassKtTest.kt:9)
	at SerializeClassKtTest.parse(SerializeClassKtTest.kt:9)
	at SerializeClassKtTest.parse(SerializeClassKtTest.kt:9)
	at SerializeClassKtTest.parse(SerializeClassKtTest.kt:9)
	at SerializeClassKtTest.parse(SerializeClassKtTest.kt:9)
	at SerializeClassKtTest.parse(SerializeClassKtTest.kt:9)
	at SerializeClassKtTest.parse(SerializeClassKtTest.kt:9)
	at SerializeClassKtTest.parse(SerializeClassKtTest.kt:9)
	at SerializeClassKtTest.parse(SerializeClassKtTest.kt:9)
	at SerializeClassKtTest.parse(SerializeClassKtTest.kt:9)
	at SerializeClassKtTest.parse(SerializeClassKtTest.kt:9)
	at SerializeClassKtTest.parse(SerializeClassKtTest.kt:9)
	at SerializeClassKtTest.parse(SerializeClassKtTest.kt:9)
	at SerializeClassKtTest.parse(SerializeClassKtTest.kt:9)
	at SerializeClassKtTest.parse(SerializeClassKtTest.kt:9)
	at SerializeClassKtTest.parse(SerializeClassKtTest.kt:9)
	at SerializeClassKtTest.parse(SerializeClassKtTest.kt:9)
	at SerializeClassKtTest.parse(SerializeClassKtTest.kt:9)
	at SerializeClassKtTest.parse(SerializeClassKtTest.kt:9)
	at SerializeClassKtTest.parse(SerializeClassKtTest.kt:9)
	at SerializeClassKtTest.parse(SerializeClassKtTest.kt:9)
	at SerializeClassKtTest.parse(SerializeClassKtTest.kt:9)
	at SerializeClassKtTest.parse(SerializeClassKtTest.kt:9)
	at SerializeClassKtTest.parse(SerializeClassKtTest.kt:9)
	at SerializeClassKtTest.parse(SerializeClassKtTest.kt:9)
	at SerializeClassKtTest.parse(SerializeClassKtTest.kt:9)
	at SerializeClassKtTest.parse(SerializeClassKtTest.kt:9)
	at SerializeClassKtTest.parse(SerializeClassKtTest.kt:9)
	at SerializeClassKtTest.parse(SerializeClassKtTest.kt:9)
	at SerializeClassKtTest.parse(SerializeClassKtTest.kt:9)
	at SerializeClassKtTest.parse(SerializeClassKtTest.kt:9)
	at SerializeClassKtTest.parse(SerializeClassKtTest.kt:9)
	at SerializeClassKtTest.parse(SerializeClassKtTest.kt:9)
	at SerializeClassKtTest.parse(SerializeClassKtTest.kt:9)
	at SerializeClassKtTest.parse(SerializeClassKtTest.kt:9)
	at SerializeClassKtTest.parse(SerializeClassKtTest.kt:9)
	at SerializeClassKtTest.parse(SerializeClassKtTest.kt:9)
	at SerializeClassKtTest.parse(SerializeClassKtTest.kt:9)
	at SerializeClassKtTest.parse(SerializeClassKtTest.kt:9)
	at SerializeClassKtTest.parse(SerializeClassKtTest.kt:9)
	at SerializeClassKtTest.parse(SerializeClassKtTest.kt:9)
	at SerializeClassKtTest.parse(SerializeClassKtTest.kt:9)
	at SerializeClassKtTest.parse(SerializeClassKtTest.kt:9)
	at SerializeClassKtTest.parse(SerializeClassKtTest.kt:9)
	at SerializeClassKtTest.parse(SerializeClassKtTest.kt:9)
	at SerializeClassKtTest.parse(SerializeClassKtTest.kt:9)
	at SerializeClassKtTest.parse(SerializeClassKtTest.kt:9)
	at SerializeClassKtTest.parse(SerializeClassKtTest.kt:9)
	at SerializeClassKtTest.parse(SerializeClassKtTest.kt:9)
	at SerializeClassKtTest.parse(SerializeClassKtTest.kt:9)
	at SerializeClassKtTest.parse(SerializeClassKtTest.kt:9)
	at SerializeClassKtTest.parse(SerializeClassKtTest.kt:9)
	at SerializeClassKtTest.parse(SerializeClassKtTest.kt:9)
	at SerializeClassKtTest.parse(SerializeClassKtTest.kt:9)
	at SerializeClassKtTest.parse(SerializeClassKtTest.kt:9)
	at SerializeClassKtTest.parse(SerializeClassKtTest.kt:9)
	at SerializeClassKtTest.parse(SerializeClassKtTest.kt:9)
	at SerializeClassKtTest.parse(SerializeClassKtTest.kt:9)
	at SerializeClassKtTest.parse(SerializeClassKtTest.kt:9)
	at SerializeClassKtTest.parse(SerializeClassKtTest.kt:9)
	at SerializeClassKtTest.parse(SerializeClassKtTest.kt:9)
	at SerializeClassKtTest.parse(SerializeClassKtTest.kt:9)
	at SerializeClassKtTest.parse(SerializeClassKtTest.kt:9)
	at SerializeClassKtTest.parse(SerializeClassKtTest.kt:9)
	at SerializeClassKtTest.parse(SerializeClassKtTest.kt:9)
	at SerializeClassKtTest.parse(SerializeClassKtTest.kt:9)
	at SerializeClassKtTest.parse(SerializeClassKtTest.kt:9)
	at SerializeClassKtTest.parse(SerializeClassKtTest.kt:9)
	at SerializeClassKtTest.parse(SerializeClassKtTest.kt:9)
	at SerializeClassKtTest.parse(SerializeClassKtTest.kt:9)
	at SerializeClassKtTest.parse(SerializeClassKtTest.kt:9)
	at SerializeClassKtTest.parse(SerializeClassKtTest.kt:9)
	at SerializeClassKtTest.parse(SerializeClassKtTest.kt:9)
	at SerializeClassKtTest.parse(SerializeClassKtTest.kt:9)
	at SerializeClassKtTest.parse(SerializeClassKtTest.kt:9)
	at SerializeClassKtTest.parse(SerializeClassKtTest.kt:9)
	at SerializeClassKtTest.parse(SerializeClassKtTest.kt:9)
	at SerializeClassKtTest.parse(SerializeClassKtTest.kt:9)
	at SerializeClassKtTest.parse(SerializeClassKtTest.kt:9)
	at SerializeClassKtTest.parse(SerializeClassKtTest.kt:9)
	at SerializeClassKtTest.parse(SerializeClassKtTest.kt:9)
	at SerializeClassKtTest.parse(SerializeClassKtTest.kt:9)
	at SerializeClassKtTest.parse(SerializeClassKtTest.kt:9)
	at SerializeClassKtTest.parse(SerializeClassKtTest.kt:9)
	at SerializeClassKtTest.parse(SerializeClassKtTest.kt:9)
	at SerializeClassKtTest.parse(SerializeClassKtTest.kt:9)
	at SerializeClassKtTest.parse(SerializeClassKtTest.kt:9)
	at SerializeClassKtTest.parse(SerializeClassKtTest.kt:9)
	at SerializeClassKtTest.parse(SerializeClassKtTest.kt:9)
	at SerializeClassKtTest.parse(SerializeClassKtTest.kt:9)
</failure>
  </testcase>
  <system-out><![CDATA[]]></system-out>
  <system-err><![CDATA[]]></system-err>
</testsuite>
